#
# There is insufficient memory for the Java Runtime Environment to continue.
# Native memory allocation (mmap) failed to map 132120576 bytes for committing reserved memory.
# Possible reasons:
#   The system is out of physical RAM or swap space
#   In 32 bit mode, the process size limit was hit
# Possible solutions:
#   Reduce memory load on the system
#   Increase physical memory or swap space
#   Check if swap backing store is full
#   Use 64 bit Java on a 64 bit OS
#   Decrease Java heap size (-Xmx/-Xms)
#   Decrease number of Java threads
#   Decrease Java thread stack sizes (-Xss)
#   Set larger code cache with -XX:ReservedCodeCacheSize=
# This output file may be truncated or incomplete.
#
#  Out of Memory Error (os_linux.cpp:2640), pid=12631, tid=0x00007f89879f9700
#
# JRE version: Java(TM) SE Runtime Environment (8.0_181-b13) (build 1.8.0_181-b13)
# Java VM: Java HotSpot(TM) 64-Bit Server VM (25.181-b13 mixed mode linux-amd64 compressed oops)
# Failed to write core dump. Core dumps have been disabled. To enable core dumping, try "ulimit -c unlimited" before starting Java again
#

---------------  T H R E A D  ---------------

Current thread (0x00007f899c074800):  VMThread [stack: 0x00007f89878f9000,0x00007f89879fa000] [id=12650]

Stack: [0x00007f89878f9000,0x00007f89879fa000],  sp=0x00007f89879f8040,  free space=1020k
Native frames: (J=compiled Java code, j=interpreted, Vv=VM code, C=native code)
V  [libjvm.so+0xad21aa]  VMError::report_and_die()+0x2ba
V  [libjvm.so+0x5022db]  report_vm_out_of_memory(char const*, int, unsigned long, VMErrorType, char const*)+0x8b
V  [libjvm.so+0x92fe33]  os::Linux::commit_memory_impl(char*, unsigned long, bool)+0x123
V  [libjvm.so+0x930059]  os::pd_commit_memory(char*, unsigned long, unsigned long, bool)+0x29
V  [libjvm.so+0x9272ba]  os::commit_memory(char*, unsigned long, unsigned long, bool)+0x2a
V  [libjvm.so+0x99d2e3]  PSVirtualSpace::expand_by(unsigned long)+0x53
V  [libjvm.so+0x99e6e8]  PSYoungGen::resize_generation(unsigned long, unsigned long)+0xf8
V  [libjvm.so+0x99d842]  PSYoungGen::resize(unsigned long, unsigned long)+0x22
V  [libjvm.so+0x99ab1b]  PSScavenge::invoke_no_policy()+0xf3b
V  [libjvm.so+0x995dc5]  PSParallelCompact::invoke(bool)+0x85
V  [libjvm.so+0x488e34]  CollectedHeap::collect_as_vm_thread(GCCause::Cause)+0x114
V  [libjvm.so+0xad3631]  VM_CollectForMetadataAllocation::doit()+0x161
V  [libjvm.so+0xadb745]  VM_Operation::evaluate()+0x55
V  [libjvm.so+0xad9b0a]  VMThread::evaluate_operation(VM_Operation*)+0xba
V  [libjvm.so+0xad9e8e]  VMThread::loop()+0x1ce
V  [libjvm.so+0xada300]  VMThread::run()+0x70
V  [libjvm.so+0x930198]  java_start(Thread*)+0x108

VM_Operation (0x00007f89a57a9d50): CollectForMetadataAllocation, mode: safepoint, requested by thread 0x00007f899c00a800


---------------  P R O C E S S  ---------------

Java Threads: ( => current thread )
  0x00007f899c0bb800 JavaThread "Service Thread" daemon [_thread_blocked, id=12656, stack(0x00007f898716a000,0x00007f898726b000)]
  0x00007f899c0b8800 JavaThread "C1 CompilerThread1" daemon [_thread_blocked, id=12655, stack(0x00007f898726b000,0x00007f898736c000)]
  0x00007f899c0b6000 JavaThread "C2 CompilerThread0" daemon [_thread_blocked, id=12654, stack(0x00007f898736c000,0x00007f898746d000)]
  0x00007f899c0b4800 JavaThread "Signal Dispatcher" daemon [_thread_blocked, id=12653, stack(0x00007f898746d000,0x00007f898756e000)]
  0x00007f899c081000 JavaThread "Finalizer" daemon [_thread_blocked, id=12652, stack(0x00007f89876f7000,0x00007f89877f8000)]
  0x00007f899c07e800 JavaThread "Reference Handler" daemon [_thread_blocked, id=12651, stack(0x00007f89877f8000,0x00007f89878f9000)]
  0x00007f899c00a800 JavaThread "main" [_thread_blocked, id=12647, stack(0x00007f89a56af000,0x00007f89a57b0000)]

Other Threads:
=>0x00007f899c074800 VMThread [stack: 0x00007f89878f9000,0x00007f89879fa000] [id=12650]
  0x00007f899c0c0800 WatcherThread [stack: 0x00007f8987069000,0x00007f898716a000] [id=12657]

VM state:at safepoint (normal execution)

VM Mutex/Monitor currently owned by a thread:  ([mutex/lock_event])
[0x00007f899c006fe0] Threads_lock - owner thread: 0x00007f899c074800
[0x00007f899c0074e0] Heap_lock - owner thread: 0x00007f899c00a800

Heap:
 PSYoungGen      total 138752K, used 9259K [0x00000000eb600000, 0x00000000f4900000, 0x0000000100000000)
  eden space 126976K, 0% used [0x00000000eb600000,0x00000000eb600000,0x00000000f3200000)
  from space 11776K, 78% used [0x00000000f3200000,0x00000000f3b0af08,0x00000000f3d80000)
  to   space 11776K, 0% used [0x00000000f3d80000,0x00000000f3d80000,0x00000000f4900000)
 ParOldGen       total 42496K, used 18037K [0x00000000c2200000, 0x00000000c4b80000, 0x00000000eb600000)
  object space 42496K, 42% used [0x00000000c2200000,0x00000000c339d7b0,0x00000000c4b80000)
 Metaspace       used 20630K, capacity 21178K, committed 21296K, reserved 1069056K
  class space    used 2495K, capacity 2685K, committed 2688K, reserved 1048576K

Card table byte_map: [0x00007f89a224d000,0x00007f89a243d000] byte_map_base: 0x00007f89a1c3c000

Marking Bits: (ParMarkBitMap*) 0x00007f89a4b710a0
 Begin Bits: [0x00007f89a0011000, 0x00007f89a0f89000)
 End Bits:   [0x00007f89a0f89000, 0x00007f89a1f01000)

Polling page: 0x00007f89a57c0000

CodeCache: size=245760Kb used=10446Kb max_used=10454Kb free=235313Kb
 bounds [0x00007f898d000000, 0x00007f898da40000, 0x00007f899c000000]
 total_blobs=3692 nmethods=3309 adapters=296
 compilation: enabled

Compilation events (10 events):
Event: 4.438 Thread 0x00007f899c0b8800 nmethod 3317 0x00007f898da37750 code [0x00007f898da378c0, 0x00007f898da37af0]
Event: 4.510 Thread 0x00007f899c0b6000 3318       4       java.lang.ReflectiveOperationException::<init> (7 bytes)
Event: 4.511 Thread 0x00007f899c0b6000 nmethod 3318 0x00007f898da3b250 code [0x00007f898da3b3c0, 0x00007f898da3b748]
Event: 4.512 Thread 0x00007f899c0b6000 3319       4       java.util.jar.Attributes$Name::hashCode (24 bytes)
Event: 4.516 Thread 0x00007f899c0b6000 nmethod 3319 0x00007f898da3b8d0 code [0x00007f898da3ba20, 0x00007f898da3bcf8]
Event: 4.516 Thread 0x00007f899c0b6000 3320       4       java.net.URLClassLoader$1::run (5 bytes)
Event: 4.587 Thread 0x00007f899c0b8800 3323       3       com.sun.tools.javac.util.SharedNameTable$NameImpl::<init> (6 bytes)
Event: 4.587 Thread 0x00007f899c0b8800 nmethod 3323 0x00007f898da3a710 code [0x00007f898da3a880, 0x00007f898da3aab0]
Event: 4.588 Thread 0x00007f899c0b8800 3324       3       com.sun.tools.javac.util.Context::checkState (13 bytes)
Event: 4.588 Thread 0x00007f899c0b8800 nmethod 3324 0x00007f898da3a290 code [0x00007f898da3a400, 0x00007f898da3a628]

GC Heap History (10 events):
Event: 0.725 GC heap after
Heap after GC invocations=2 (full 0):
 PSYoungGen      total 34304K, used 2546K [0x00000000eb600000, 0x00000000eda00000, 0x0000000100000000)
  eden space 31744K, 0% used [0x00000000eb600000,0x00000000eb600000,0x00000000ed500000)
  from space 2560K, 99% used [0x00000000ed780000,0x00000000ed9fc840,0x00000000eda00000)
  to   space 2560K, 0% used [0x00000000ed500000,0x00000000ed500000,0x00000000ed780000)
 ParOldGen       total 42496K, used 1027K [0x00000000c2200000, 0x00000000c4b80000, 0x00000000eb600000)
  object space 42496K, 2% used [0x00000000c2200000,0x00000000c2300de8,0x00000000c4b80000)
 Metaspace       used 8020K, capacity 8188K, committed 8320K, reserved 1056768K
  class space    used 989K, capacity 1048K, committed 1152K, reserved 1048576K
}
Event: 1.228 GC heap before
{Heap before GC invocations=3 (full 0):
 PSYoungGen      total 34304K, used 34290K [0x00000000eb600000, 0x00000000eda00000, 0x0000000100000000)
  eden space 31744K, 100% used [0x00000000eb600000,0x00000000ed500000,0x00000000ed500000)
  from space 2560K, 99% used [0x00000000ed780000,0x00000000ed9fc840,0x00000000eda00000)
  to   space 2560K, 0% used [0x00000000ed500000,0x00000000ed500000,0x00000000ed780000)
 ParOldGen       total 42496K, used 1027K [0x00000000c2200000, 0x00000000c4b80000, 0x00000000eb600000)
  object space 42496K, 2% used [0x00000000c2200000,0x00000000c2300de8,0x00000000c4b80000)
 Metaspace       used 11253K, capacity 11458K, committed 11520K, reserved 1058816K
  class space    used 1401K, capacity 1475K, committed 1536K, reserved 1048576K
Event: 1.235 GC heap after
Heap after GC invocations=3 (full 0):
 PSYoungGen      total 34304K, used 2560K [0x00000000eb600000, 0x00000000ef900000, 0x0000000100000000)
  eden space 31744K, 0% used [0x00000000eb600000,0x00000000eb600000,0x00000000ed500000)
  from space 2560K, 100% used [0x00000000ed500000,0x00000000ed780000,0x00000000ed780000)
  to   space 2560K, 0% used [0x00000000ef680000,0x00000000ef680000,0x00000000ef900000)
 ParOldGen       total 42496K, used 4682K [0x00000000c2200000, 0x00000000c4b80000, 0x00000000eb600000)
  object space 42496K, 11% used [0x00000000c2200000,0x00000000c2692ab8,0x00000000c4b80000)
 Metaspace       used 11253K, capacity 11458K, committed 11520K, reserved 1058816K
  class space    used 1401K, capacity 1475K, committed 1536K, reserved 1048576K
}
Event: 1.966 GC heap before
{Heap before GC invocations=4 (full 0):
 PSYoungGen      total 34304K, used 34304K [0x00000000eb600000, 0x00000000ef900000, 0x0000000100000000)
  eden space 31744K, 100% used [0x00000000eb600000,0x00000000ed500000,0x00000000ed500000)
  from space 2560K, 100% used [0x00000000ed500000,0x00000000ed780000,0x00000000ed780000)
  to   space 2560K, 0% used [0x00000000ef680000,0x00000000ef680000,0x00000000ef900000)
 ParOldGen       total 42496K, used 4682K [0x00000000c2200000, 0x00000000c4b80000, 0x00000000eb600000)
  object space 42496K, 11% used [0x00000000c2200000,0x00000000c2692ab8,0x00000000c4b80000)
 Metaspace       used 14584K, capacity 14780K, committed 14976K, reserved 1062912K
  class space    used 1815K, capacity 1906K, committed 1920K, reserved 1048576K
Event: 1.979 GC heap after
Heap after GC invocations=4 (full 0):
 PSYoungGen      total 66048K, used 2544K [0x00000000eb600000, 0x00000000ef900000, 0x0000000100000000)
  eden space 63488K, 0% used [0x00000000eb600000,0x00000000eb600000,0x00000000ef400000)
  from space 2560K, 99% used [0x00000000ef680000,0x00000000ef8fc010,0x00000000ef900000)
  to   space 2560K, 0% used [0x00000000ef400000,0x00000000ef400000,0x00000000ef680000)
 ParOldGen       total 42496K, used 9720K [0x00000000c2200000, 0x00000000c4b80000, 0x00000000eb600000)
  object space 42496K, 22% used [0x00000000c2200000,0x00000000c2b7e2e8,0x00000000c4b80000)
 Metaspace       used 14584K, capacity 14780K, committed 14976K, reserved 1062912K
  class space    used 1815K, capacity 1906K, committed 1920K, reserved 1048576K
}
Event: 2.750 GC heap before
{Heap before GC invocations=5 (full 0):
 PSYoungGen      total 66048K, used 66032K [0x00000000eb600000, 0x00000000ef900000, 0x0000000100000000)
  eden space 63488K, 100% used [0x00000000eb600000,0x00000000ef400000,0x00000000ef400000)
  from space 2560K, 99% used [0x00000000ef680000,0x00000000ef8fc010,0x00000000ef900000)
  to   space 2560K, 0% used [0x00000000ef400000,0x00000000ef400000,0x00000000ef680000)
 ParOldGen       total 42496K, used 9720K [0x00000000c2200000, 0x00000000c4b80000, 0x00000000eb600000)
  object space 42496K, 22% used [0x00000000c2200000,0x00000000c2b7e2e8,0x00000000c4b80000)
 Metaspace       used 15368K, capacity 15630K, committed 15872K, reserved 1062912K
  class space    used 1860K, capacity 1973K, committed 2048K, reserved 1048576K
Event: 2.779 GC heap after
Heap after GC invocations=5 (full 0):
 PSYoungGen      total 66048K, used 2544K [0x00000000eb600000, 0x00000000f4900000, 0x0000000100000000)
  eden space 63488K, 0% used [0x00000000eb600000,0x00000000eb600000,0x00000000ef400000)
  from space 2560K, 99% used [0x00000000ef400000,0x00000000ef67c010,0x00000000ef680000)
  to   space 11776K, 0% used [0x00000000f3d80000,0x00000000f3d80000,0x00000000f4900000)
 ParOldGen       total 42496K, used 17477K [0x00000000c2200000, 0x00000000c4b80000, 0x00000000eb600000)
  object space 42496K, 41% used [0x00000000c2200000,0x00000000c3311720,0x00000000c4b80000)
 Metaspace       used 15368K, capacity 15630K, committed 15872K, reserved 1062912K
  class space    used 1860K, capacity 1973K, committed 2048K, reserved 1048576K
}
Event: 3.844 GC heap before
{Heap before GC invocations=6 (full 0):
 PSYoungGen      total 66048K, used 66032K [0x00000000eb600000, 0x00000000f4900000, 0x0000000100000000)
  eden space 63488K, 100% used [0x00000000eb600000,0x00000000ef400000,0x00000000ef400000)
  from space 2560K, 99% used [0x00000000ef400000,0x00000000ef67c010,0x00000000ef680000)
  to   space 11776K, 0% used [0x00000000f3d80000,0x00000000f3d80000,0x00000000f4900000)
 ParOldGen       total 42496K, used 17477K [0x00000000c2200000, 0x00000000c4b80000, 0x00000000eb600000)
  object space 42496K, 41% used [0x00000000c2200000,0x00000000c3311720,0x00000000c4b80000)
 Metaspace       used 16738K, capacity 17128K, committed 17280K, reserved 1064960K
  class space    used 1998K, capacity 2124K, committed 2176K, reserved 1048576K
Event: 3.864 GC heap after
Heap after GC invocations=6 (full 0):
 PSYoungGen      total 138752K, used 7787K [0x00000000eb600000, 0x00000000f4900000, 0x0000000100000000)
  eden space 126976K, 0% used [0x00000000eb600000,0x00000000eb600000,0x00000000f3200000)
  from space 11776K, 66% used [0x00000000f3d80000,0x00000000f451af28,0x00000000f4900000)
  to   space 11776K, 0% used [0x00000000f3200000,0x00000000f3200000,0x00000000f3d80000)
 ParOldGen       total 42496K, used 17477K [0x00000000c2200000, 0x00000000c4b80000, 0x00000000eb600000)
  object space 42496K, 41% used [0x00000000c2200000,0x00000000c3311720,0x00000000c4b80000)
 Metaspace       used 16738K, capacity 17128K, committed 17280K, reserved 1064960K
  class space    used 1998K, capacity 2124K, committed 2176K, reserved 1048576K
}
Event: 4.599 GC heap before
{Heap before GC invocations=7 (full 0):
 PSYoungGen      total 138752K, used 44701K [0x00000000eb600000, 0x00000000f4900000, 0x0000000100000000)
  eden space 126976K, 29% used [0x00000000eb600000,0x00000000eda0c670,0x00000000f3200000)
  from space 11776K, 66% used [0x00000000f3d80000,0x00000000f451af28,0x00000000f4900000)
  to   space 11776K, 0% used [0x00000000f3200000,0x00000000f3200000,0x00000000f3d80000)
 ParOldGen       total 42496K, used 17477K [0x00000000c2200000, 0x00000000c4b80000, 0x00000000eb600000)
  object space 42496K, 41% used [0x00000000c2200000,0x00000000c3311720,0x00000000c4b80000)
 Metaspace       used 20630K, capacity 21178K, committed 21296K, reserved 1069056K
  class space    used 2495K, capacity 2685K, committed 2688K, reserved 1048576K

Deoptimization events (10 events):
Event: 3.320 Thread 0x00007f899c00a800 Uncommon trap: reason=bimorphic action=maybe_recompile pc=0x00007f898d753848 method=java.util.regex.Pattern$CharProperty.match(Ljava/util/regex/Matcher;ILjava/lang/CharSequence;)Z @ 37
Event: 3.703 Thread 0x00007f899c00a800 Uncommon trap: reason=bimorphic action=maybe_recompile pc=0x00007f898d604e50 method=java.util.concurrent.ConcurrentHashMap.get(Ljava/lang/Object;)Ljava/lang/Object; @ 149
Event: 3.785 Thread 0x00007f899c00a800 Uncommon trap: reason=unstable_if action=reinterpret pc=0x00007f898d70f3d8 method=org.eclipse.sisu.plexus.RealmFilteredBeans$FilteredItr.hasNext()Z @ 44
Event: 3.808 Thread 0x00007f899c00a800 Uncommon trap: reason=unstable_if action=reinterpret pc=0x00007f898d2dcad4 method=java.io.Reader.read()I @ 12
Event: 3.810 Thread 0x00007f899c00a800 Uncommon trap: reason=unstable_if action=reinterpret pc=0x00007f898d2e02a0 method=java.io.Reader.read()I @ 12
Event: 3.819 Thread 0x00007f899c00a800 Uncommon trap: reason=class_check action=maybe_recompile pc=0x00007f898d3dfc84 method=java.lang.reflect.Executable.getAnnotation(Ljava/lang/Class;)Ljava/lang/annotation/Annotation; @ 19
Event: 3.875 Thread 0x00007f899c00a800 Uncommon trap: reason=bimorphic action=maybe_recompile pc=0x00007f898d753848 method=java.util.regex.Pattern$CharProperty.match(Ljava/util/regex/Matcher;ILjava/lang/CharSequence;)Z @ 37
Event: 4.037 Thread 0x00007f899c00a800 Uncommon trap: reason=bimorphic action=maybe_recompile pc=0x00007f898d604e50 method=java.util.concurrent.ConcurrentHashMap.get(Ljava/lang/Object;)Ljava/lang/Object; @ 149
Event: 4.044 Thread 0x00007f899c00a800 Uncommon trap: reason=bimorphic action=maybe_recompile pc=0x00007f898d604e50 method=java.util.concurrent.ConcurrentHashMap.get(Ljava/lang/Object;)Ljava/lang/Object; @ 149
Event: 4.218 Thread 0x00007f899c00a800 Uncommon trap: reason=bimorphic action=maybe_recompile pc=0x00007f898d753848 method=java.util.regex.Pattern$CharProperty.match(Ljava/util/regex/Matcher;ILjava/lang/CharSequence;)Z @ 37

Classes redefined (0 events):
No events

Internal exceptions (10 events):
Event: 1.719 Thread 0x00007f899c00a800 Exception <a 'java/lang/NullPointerException'> (0x00000000ec8ae0b0) thrown at [/HUDSON/workspace/8-2-build-linux-amd64/jdk8u181/11358/hotspot/src/share/vm/interpreter/linkResolver.cpp, line 1185]
Event: 1.719 Thread 0x00007f899c00a800 Exception <a 'java/lang/NullPointerException'> (0x00000000ec8ae2c8) thrown at [/HUDSON/workspace/8-2-build-linux-amd64/jdk8u181/11358/hotspot/src/share/vm/interpreter/linkResolver.cpp, line 1185]
Event: 1.719 Thread 0x00007f899c00a800 Exception <a 'java/lang/NullPointerException'> (0x00000000ec8ae4e0) thrown at [/HUDSON/workspace/8-2-build-linux-amd64/jdk8u181/11358/hotspot/src/share/vm/interpreter/linkResolver.cpp, line 1185]
Event: 1.756 Thread 0x00007f899c00a800 Implicit null exception at 0x00007f898d322b75 to 0x00007f898d322f25
Event: 1.756 Thread 0x00007f899c00a800 Implicit null exception at 0x00007f898d255836 to 0x00007f898d255bd5
Event: 2.391 Thread 0x00007f899c00a800 Implicit null exception at 0x00007f898d385875 to 0x00007f898d385a51
Event: 2.391 Thread 0x00007f899c00a800 Implicit null exception at 0x00007f898d368aef to 0x00007f898d368b59
Event: 2.637 Thread 0x00007f899c00a800 Implicit null exception at 0x00007f898d72fd89 to 0x00007f898d73089d
Event: 2.809 Thread 0x00007f899c00a800 Implicit null exception at 0x00007f898d7755f8 to 0x00007f898d77564d
Event: 4.298 Thread 0x00007f899c00a800 Exception <a 'java/lang/ClassNotFoundException': com/sun/tools/javac/api/JavacTool> (0x00000000ecf6b7e0) thrown at [/HUDSON/workspace/8-2-build-linux-amd64/jdk8u181/11358/hotspot/src/share/vm/classfile/systemDictionary.cpp, line 210]

Events (10 events):
Event: 4.597 loading class com/sun/tools/javac/util/ByteBuffer done
Event: 4.597 loading class com/sun/tools/javac/jvm/ClassWriter$AttributeWriter
Event: 4.597 loading class com/sun/tools/javac/jvm/ClassWriter$AttributeWriter done
Event: 4.597 loading class com/sun/tools/javac/jvm/ClassWriter$CWSignatureGenerator
Event: 4.597 loading class com/sun/tools/javac/jvm/ClassWriter$CWSignatureGenerator done
Event: 4.597 loading class com/sun/tools/javac/code/Types$SignatureGenerator
Event: 4.597 loading class com/sun/tools/javac/code/Types$SignatureGenerator done
Event: 4.598 loading class com/sun/tools/javac/jvm/JNIWriter
Event: 4.598 loading class com/sun/tools/javac/jvm/JNIWriter done
Event: 4.599 Executing VM operation: CollectForMetadataAllocation


Dynamic libraries:
00400000-00401000 r-xp 00000000 08:01 408029                             /usr/lib/jvm/java-8-oracle/bin/java
00600000-00601000 rw-p 00000000 08:01 408029                             /usr/lib/jvm/java-8-oracle/bin/java
024ff000-02520000 rw-p 00000000 00:00 0                                  [heap]
c2200000-c4b80000 rw-p 00000000 00:00 0 
c4b80000-eb600000 ---p 00000000 00:00 0 
eb600000-f4900000 rw-p 00000000 00:00 0 
fc700000-100000000 ---p 00000000 00:00 0 
100000000-1002a0000 rw-p 00000000 00:00 0 
1002a0000-140000000 ---p 00000000 00:00 0 
7f895c000000-7f895c021000 rw-p 00000000 00:00 0 
7f895c021000-7f8960000000 ---p 00000000 00:00 0 
7f8964000000-7f89649cb000 rw-p 00000000 00:00 0 
7f89649cb000-7f8968000000 ---p 00000000 00:00 0 
7f8968000000-7f8968021000 rw-p 00000000 00:00 0 
7f8968021000-7f896c000000 ---p 00000000 00:00 0 
7f896c000000-7f896c021000 rw-p 00000000 00:00 0 
7f896c021000-7f8970000000 ---p 00000000 00:00 0 
7f8970000000-7f8970998000 rw-p 00000000 00:00 0 
7f8970998000-7f8974000000 ---p 00000000 00:00 0 
7f8974000000-7f8974021000 rw-p 00000000 00:00 0 
7f8974021000-7f8978000000 ---p 00000000 00:00 0 
7f8978000000-7f8978021000 rw-p 00000000 00:00 0 
7f8978021000-7f897c000000 ---p 00000000 00:00 0 
7f897c000000-7f897c291000 rw-p 00000000 00:00 0 
7f897c291000-7f8980000000 ---p 00000000 00:00 0 
7f8980000000-7f8980021000 rw-p 00000000 00:00 0 
7f8980021000-7f8984000000 ---p 00000000 00:00 0 
7f8985aff000-7f8985b2c000 rw-p 00000000 00:00 0 
7f8985b2c000-7f8985d00000 ---p 00000000 00:00 0 
7f8985d00000-7f8985f00000 rw-p 00000000 00:00 0 
7f8985f00000-7f8985f79000 r--s 010f9000 08:01 409316                     /usr/lib/jvm/java-8-oracle/lib/tools.jar
7f8985f79000-7f8985f7a000 r--s 00004000 08:01 1446869                    /home/vagrant/.m2/repository/org/codehaus/plexus/plexus-compiler-javac/2.8.2/plexus-compiler-javac-2.8.2.jar
7f8985f7a000-7f8985f7c000 r--s 00000000 08:01 1446867                    /home/vagrant/.m2/repository/org/codehaus/plexus/plexus-compiler-manager/2.8.2/plexus-compiler-manager-2.8.2.jar
7f8985f7c000-7f8985f7e000 r--s 00005000 08:01 1446864                    /home/vagrant/.m2/repository/org/codehaus/plexus/plexus-compiler-api/2.8.2/plexus-compiler-api-2.8.2.jar
7f8985f7e000-7f8985f84000 r--s 00047000 08:01 1446862                    /home/vagrant/.m2/repository/com/thoughtworks/qdox/qdox/2.0-M7/qdox-2.0-M7.jar
7f8985f84000-7f8985f85000 r--s 0000d000 08:01 1446860                    /home/vagrant/.m2/repository/org/ow2/asm/asm/6.0_BETA/asm-6.0_BETA.jar
7f8985f85000-7f8985f87000 r--s 00006000 08:01 1190348                    /home/vagrant/.m2/repository/org/codehaus/plexus/plexus-java/0.9.2/plexus-java-0.9.2.jar
7f8985f87000-7f8985f89000 r--s 00002000 08:01 1444994                    /home/vagrant/.m2/repository/org/apache/maven/shared/maven-shared-incremental/1.1/maven-shared-incremental-1.1.jar
7f8985f89000-7f8985f8c000 r--s 00025000 08:01 1446858                    /home/vagrant/.m2/repository/org/apache/maven/shared/maven-shared-utils/3.1.0/maven-shared-utils-3.1.0.jar
7f8985f8c000-7f8985f8e000 r--s 0000d000 08:01 1445868                    /home/vagrant/.m2/repository/org/codehaus/plexus/plexus-interpolation/1.14/plexus-interpolation-1.14.jar
7f8985f8e000-7f8985f90000 r--s 0000d000 08:01 1446818                    /home/vagrant/.m2/repository/org/apache/maven/plugins/maven-compiler-plugin/3.7.0/maven-compiler-plugin-3.7.0.jar
7f8985f90000-7f8985f93000 r--s 00011000 08:01 1446755                    /home/vagrant/.m2/repository/org/codehaus/plexus/plexus-interpolation/1.24/plexus-interpolation-1.24.jar
7f8985f93000-7f8985f97000 r--s 0002f000 08:01 1446753                    /home/vagrant/.m2/repository/commons-io/commons-io/2.5/commons-io-2.5.jar
7f8985f97000-7f8985f99000 r--s 00001000 08:01 1318395                    /home/vagrant/.m2/repository/org/sonatype/plexus/plexus-build-api/0.0.7/plexus-build-api-0.0.7.jar
7f8985f99000-7f8985f9b000 r--s 0000b000 08:01 1446751                    /home/vagrant/.m2/repository/org/apache/maven/shared/maven-filtering/3.1.1/maven-filtering-3.1.1.jar
7f8985f9b000-7f8985f9f000 r--s 00039000 08:01 1318393                    /home/vagrant/.m2/repository/org/codehaus/plexus/plexus-utils/3.0.24/plexus-utils-3.0.24.jar
7f8985f9f000-7f8985fa1000 r--s 00002000 08:01 1318339                    /home/vagrant/.m2/repository/org/sonatype/plexus/plexus-cipher/1.4/plexus-cipher-1.4.jar
7f8985fa1000-7f8985fa3000 r--s 00000000 08:01 1446749                    /home/vagrant/.m2/repository/org/codehaus/plexus/plexus-component-annotations/1.6/plexus-component-annotations-1.6.jar
7f8985fa3000-7f8985fa7000 r--s 00017000 08:01 1318337                    /home/vagrant/.m2/repository/org/sonatype/aether/aether-util/1.7/aether-util-1.7.jar
7f8985fa7000-7f89861a7000 rw-p 00000000 00:00 0 
7f89861a7000-7f89861a9000 r--s 00006000 08:01 1444991                    /home/vagrant/.m2/repository/com/google/code/findbugs/jsr305/2.0.1/jsr305-2.0.1.jar
7f89861a9000-7f89861ad000 r--s 0002a000 08:01 1446719                    /home/vagrant/.m2/repository/commons-io/commons-io/2.4/commons-io-2.4.jar
7f89861ad000-7f89861b0000 r--s 00023000 08:01 1446715                    /home/vagrant/.m2/repository/org/apache/maven/shared/maven-shared-utils/3.0.0/maven-shared-utils-3.0.0.jar
7f89861b0000-7f89861bb000 r--s 00069000 08:01 1445865                    /home/vagrant/.m2/repository/org/sonatype/sisu/sisu-guice/2.1.7/sisu-guice-2.1.7-noaop.jar
7f89861bb000-7f89861c0000 r--s 00021000 08:01 1445864                    /home/vagrant/.m2/repository/org/sonatype/sisu/sisu-inject-bean/1.4.2/sisu-inject-bean-1.4.2.jar
7f89861c0000-7f89861c2000 r--s 00000000 08:01 1444995                    /home/vagrant/.m2/repository/org/codehaus/plexus/plexus-component-annotations/1.5.5/plexus-component-annotations-1.5.5.jar
7f89861c2000-7f89861c6000 r--s 00033000 08:01 1446717                    /home/vagrant/.m2/repository/org/codehaus/plexus/plexus-utils/2.0.4/plexus-utils-2.0.4.jar
7f89861c6000-7f89861d7000 r-xp 00000000 08:01 407584                     /usr/lib/jvm/java-8-oracle/jre/lib/amd64/libnio.so
7f89861d7000-7f89863d6000 ---p 00011000 08:01 407584                     /usr/lib/jvm/java-8-oracle/jre/lib/amd64/libnio.so
7f89863d6000-7f89863d7000 rw-p 00010000 08:01 407584                     /usr/lib/jvm/java-8-oracle/jre/lib/amd64/libnio.so
7f89863d7000-7f89863ed000 r-xp 00000000 08:01 407599                     /usr/lib/jvm/java-8-oracle/jre/lib/amd64/libnet.so
7f89863ed000-7f89865ed000 ---p 00016000 08:01 407599                     /usr/lib/jvm/java-8-oracle/jre/lib/amd64/libnet.so
7f89865ed000-7f89865ee000 rw-p 00016000 08:01 407599                     /usr/lib/jvm/java-8-oracle/jre/lib/amd64/libnet.so
7f89865ee000-7f89867ee000 rw-p 00000000 00:00 0 
7f89867ee000-7f89869ee000 rw-p 00000000 00:00 0 
7f89869ee000-7f8986bee000 rw-p 00000000 00:00 0 
7f8986bee000-7f8986c1d000 r--s 00226000 08:01 927965                     /home/vagrant/.sdkman/candidates/maven/3.5.4/lib/guava-20.0.jar
7f8986c1d000-7f8986c1f000 r-xp 00000000 08:01 2151                       /lib/x86_64-linux-gnu/libutil-2.19.so
7f8986c1f000-7f8986e1e000 ---p 00002000 08:01 2151                       /lib/x86_64-linux-gnu/libutil-2.19.so
7f8986e1e000-7f8986e1f000 r--p 00001000 08:01 2151                       /lib/x86_64-linux-gnu/libutil-2.19.so
7f8986e1f000-7f8986e20000 rw-p 00002000 08:01 2151                       /lib/x86_64-linux-gnu/libutil-2.19.so
7f8986e20000-7f8986e21000 r--s 00006000 08:01 1190286                    /home/vagrant/.m2/repository/org/sonatype/plexus/plexus-sec-dispatcher/1.3/plexus-sec-dispatcher-1.3.jar
7f8986e21000-7f8986e23000 r--s 00006000 08:01 1058059                    /home/vagrant/.m2/repository/org/apache/maven/plugins/maven-clean-plugin/3.0.0/maven-clean-plugin-3.0.0.jar
7f8986e23000-7f8986e28000 r--s 0009d000 08:01 407756                     /usr/lib/jvm/java-8-oracle/jre/lib/jsse.jar
7f8986e28000-7f8986e2c000 r--s 0003c000 08:01 927928                     /home/vagrant/.sdkman/candidates/maven/3.5.4/lib/plexus-utils-3.1.0.jar
7f8986e2c000-7f8986e2f000 r-xp 00000000 08:01 927900                     /home/vagrant/.sdkman/candidates/maven/3.5.4/lib/jansi-native/linux64/libjansi.so
7f8986e2f000-7f898702e000 ---p 00003000 08:01 927900                     /home/vagrant/.sdkman/candidates/maven/3.5.4/lib/jansi-native/linux64/libjansi.so
7f898702e000-7f898702f000 rw-p 00002000 08:01 927900                     /home/vagrant/.sdkman/candidates/maven/3.5.4/lib/jansi-native/linux64/libjansi.so
7f898702f000-7f898703c000 r--s 0008d000 08:01 927903                     /home/vagrant/.sdkman/candidates/maven/3.5.4/lib/maven-core-3.5.4.jar
7f898703c000-7f8987069000 r--s 001de000 08:01 927920                     /home/vagrant/.sdkman/candidates/maven/3.5.4/lib/wagon-http-3.1.0-shaded.jar
7f8987069000-7f898706a000 ---p 00000000 00:00 0 
7f898706a000-7f898716a000 rw-p 00000000 00:00 0                          [stack:12657]
7f898716a000-7f898716d000 ---p 00000000 00:00 0 
7f898716d000-7f898726b000 rw-p 00000000 00:00 0                          [stack:12656]
7f898726b000-7f898726e000 ---p 00000000 00:00 0 
7f898726e000-7f898736c000 rw-p 00000000 00:00 0                          [stack:12655]
7f898736c000-7f898736f000 ---p 00000000 00:00 0 
7f898736f000-7f898746d000 rw-p 00000000 00:00 0                          [stack:12654]
7f898746d000-7f8987470000 ---p 00000000 00:00 0 
7f8987470000-7f898756e000 rw-p 00000000 00:00 0                          [stack:12653]
7f898756e000-7f89876f7000 r--p 00000000 08:01 10381                      /usr/lib/locale/locale-archive
7f89876f7000-7f89876fa000 ---p 00000000 00:00 0 
7f89876fa000-7f89877f8000 rw-p 00000000 00:00 0                          [stack:12652]
7f89877f8000-7f89877fb000 ---p 00000000 00:00 0 
7f89877fb000-7f89878f9000 rw-p 00000000 00:00 0                          [stack:12651]
7f89878f9000-7f89878fa000 ---p 00000000 00:00 0 
7f89878fa000-7f8988000000 rw-p 00000000 00:00 0                          [stack:12650]
7f8988000000-7f8988021000 rw-p 00000000 00:00 0 
7f8988021000-7f898c000000 ---p 00000000 00:00 0 
7f898c000000-7f898c001000 r--s 00007000 08:01 1190341                    /home/vagrant/.m2/repository/org/apache/maven/plugins/maven-resources-plugin/3.0.2/maven-resources-plugin-3.0.2.jar
7f898c001000-7f898c002000 r--s 00006000 08:01 927963                     /home/vagrant/.sdkman/candidates/maven/3.5.4/lib/plexus-sec-dispatcher-1.4.jar
7f898c002000-7f898c005000 r--s 00011000 08:01 927940                     /home/vagrant/.sdkman/candidates/maven/3.5.4/lib/plexus-interpolation-1.24.jar
7f898c005000-7f898c007000 r--s 00006000 08:01 927931                     /home/vagrant/.sdkman/candidates/maven/3.5.4/lib/maven-resolver-transport-wagon-1.1.1.jar
7f898c007000-7f898c009000 r--s 00002000 08:01 927914                     /home/vagrant/.sdkman/candidates/maven/3.5.4/lib/plexus-cipher-1.7.jar
7f898c009000-7f898c00b000 r--s 00009000 08:01 927904                     /home/vagrant/.sdkman/candidates/maven/3.5.4/lib/maven-resolver-connector-basic-1.1.1.jar
7f898c00b000-7f898c011000 r--s 0002d000 08:01 927952                     /home/vagrant/.sdkman/candidates/maven/3.5.4/lib/org.eclipse.sisu.plexus-0.3.3.jar
7f898c011000-7f898c014000 r--s 00016000 08:01 927951                     /home/vagrant/.sdkman/candidates/maven/3.5.4/lib/maven-embedder-3.5.4.jar
7f898c014000-7f898c016000 r--s 00007000 08:01 927978                     /home/vagrant/.sdkman/candidates/maven/3.5.4/lib/maven-resolver-spi-1.1.1.jar
7f898c016000-7f898c01a000 r--s 00042000 08:01 927983                     /home/vagrant/.sdkman/candidates/maven/3.5.4/lib/jansi-1.17.1.jar
7f898c01a000-7f898c01e000 r--s 0002a000 08:01 927979                     /home/vagrant/.sdkman/candidates/maven/3.5.4/lib/maven-resolver-impl-1.1.1.jar
7f898c01e000-7f898c020000 r--s 00009000 08:01 927962                     /home/vagrant/.sdkman/candidates/maven/3.5.4/lib/maven-settings-builder-3.5.4.jar
7f898c020000-7f898c024000 r--s 0002f000 08:01 927930                     /home/vagrant/.sdkman/candidates/maven/3.5.4/lib/commons-io-2.5.jar
7f898c024000-7f898c02b000 r--s 00056000 08:01 927943                     /home/vagrant/.sdkman/candidates/maven/3.5.4/lib/org.eclipse.sisu.inject-0.3.3.jar
7f898c02b000-7f898c030000 r--s 00027000 08:01 927918                     /home/vagrant/.sdkman/candidates/maven/3.5.4/lib/maven-model-builder-3.5.4.jar
7f898c030000-7f898c031000 r--s 00001000 08:01 927942                     /home/vagrant/.sdkman/candidates/maven/3.5.4/lib/jsr250-api-1.0.jar
7f898c031000-7f898c034000 r--s 00026000 08:01 927976                     /home/vagrant/.sdkman/candidates/maven/3.5.4/lib/maven-model-3.5.4.jar
7f898c034000-7f898c035000 r--s 0000a000 08:01 927974                     /home/vagrant/.sdkman/candidates/maven/3.5.4/lib/maven-settings-3.5.4.jar
7f898c035000-7f898c03d000 r--s 0006e000 08:01 927991                     /home/vagrant/.sdkman/candidates/maven/3.5.4/lib/commons-lang3-3.5.jar
7f898c03d000-7f898c03f000 r--s 0000f000 08:01 927977                     /home/vagrant/.sdkman/candidates/maven/3.5.4/lib/maven-resolver-provider-3.5.4.jar
7f898c03f000-7f898c041000 r--s 00003000 08:01 927994                     /home/vagrant/.sdkman/candidates/maven/3.5.4/lib/jcl-over-slf4j-1.7.25.jar
7f898c041000-7f898c043000 r--s 0000a000 08:01 927916                     /home/vagrant/.sdkman/candidates/maven/3.5.4/lib/maven-plugin-api-3.5.4.jar
7f898c043000-7f898c046000 r--s 00008000 08:01 927964                     /home/vagrant/.sdkman/candidates/maven/3.5.4/lib/cdi-api-1.0.jar
7f898c046000-7f898c047000 r--s 00005000 08:01 927995                     /home/vagrant/.sdkman/candidates/maven/3.5.4/lib/maven-slf4j-provider-3.5.4.jar
7f898c047000-7f898c04a000 r--s 00026000 08:01 927919                     /home/vagrant/.sdkman/candidates/maven/3.5.4/lib/maven-shared-utils-3.2.1.jar
7f898c04a000-7f898c04c000 r--s 0000c000 08:01 927981                     /home/vagrant/.sdkman/candidates/maven/3.5.4/lib/wagon-provider-api-3.1.0.jar
7f898c04c000-7f898c050000 r--s 00020000 08:01 927929                     /home/vagrant/.sdkman/candidates/maven/3.5.4/lib/maven-resolver-api-1.1.1.jar
7f898c050000-7f898c05b000 r--s 00075000 08:01 927954                     /home/vagrant/.sdkman/candidates/maven/3.5.4/lib/guice-4.2.0-no_aop.jar
7f898c05b000-7f898c3c1000 rw-p 00000000 00:00 0 
7f898c3c1000-7f898c59b000 r--s 03d6b000 08:01 407786                     /usr/lib/jvm/java-8-oracle/jre/lib/rt.jar
7f898c59b000-7f898d000000 rw-p 00000000 00:00 0 
7f898d000000-7f898da40000 rwxp 00000000 00:00 0 
7f898da40000-7f899c000000 ---p 00000000 00:00 0 
7f899c000000-7f899cb58000 rw-p 00000000 00:00 0 
7f899cb58000-7f89a0000000 ---p 00000000 00:00 0 
7f89a0000000-7f89a0001000 r--s 00002000 08:01 927982                     /home/vagrant/.sdkman/candidates/maven/3.5.4/lib/wagon-file-3.1.0.jar
7f89a0001000-7f89a0003000 r--s 0000c000 08:01 927941                     /home/vagrant/.sdkman/candidates/maven/3.5.4/lib/maven-artifact-3.5.4.jar
7f89a0003000-7f89a0004000 r--s 00006000 08:01 927915                     /home/vagrant/.sdkman/candidates/maven/3.5.4/lib/maven-repository-metadata-3.5.4.jar
7f89a0004000-7f89a0005000 r--s 00003000 08:01 927902                     /home/vagrant/.sdkman/candidates/maven/3.5.4/lib/maven-builder-support-3.5.4.jar
7f89a0005000-7f89a0007000 r--s 00000000 08:01 927975                     /home/vagrant/.sdkman/candidates/maven/3.5.4/lib/plexus-component-annotations-1.7.1.jar
7f89a0007000-7f89a0009000 r--s 00009000 08:01 927980                     /home/vagrant/.sdkman/candidates/maven/3.5.4/lib/slf4j-api-1.7.25.jar
7f89a0009000-7f89a000b000 r--s 0000c000 08:01 927993                     /home/vagrant/.sdkman/candidates/maven/3.5.4/lib/commons-cli-1.4.jar
7f89a000b000-7f89a000d000 r--s 00000000 08:01 927992                     /home/vagrant/.sdkman/candidates/maven/3.5.4/lib/aopalliance-1.0.jar
7f89a000d000-7f89a0011000 r--s 00023000 08:01 927953                     /home/vagrant/.sdkman/candidates/maven/3.5.4/lib/maven-resolver-util-1.1.1.jar
7f89a0011000-7f89a1f01000 rw-p 00000000 00:00 0 
7f89a1f01000-7f89a1f02000 ---p 00000000 00:00 0 
7f89a1f02000-7f89a2002000 rw-p 00000000 00:00 0                          [stack:12649]
7f89a2002000-7f89a2003000 ---p 00000000 00:00 0 
7f89a2003000-7f89a2118000 rw-p 00000000 00:00 0                          [stack:12648]
7f89a2118000-7f89a224d000 ---p 00000000 00:00 0 
7f89a224d000-7f89a2262000 rw-p 00000000 00:00 0 
7f89a2262000-7f89a2397000 ---p 00000000 00:00 0 
7f89a2397000-7f89a23e1000 rw-p 00000000 00:00 0 
7f89a23e1000-7f89a243c000 ---p 00000000 00:00 0 
7f89a243c000-7f89a2466000 rw-p 00000000 00:00 0 
7f89a2466000-7f89a27fd000 ---p 00000000 00:00 0 
7f89a27fd000-7f89a2818000 r-xp 00000000 08:01 407604                     /usr/lib/jvm/java-8-oracle/jre/lib/amd64/libzip.so
7f89a2818000-7f89a2a18000 ---p 0001b000 08:01 407604                     /usr/lib/jvm/java-8-oracle/jre/lib/amd64/libzip.so
7f89a2a18000-7f89a2a19000 rw-p 0001b000 08:01 407604                     /usr/lib/jvm/java-8-oracle/jre/lib/amd64/libzip.so
7f89a2a19000-7f89a2a23000 r-xp 00000000 08:01 1996                       /lib/x86_64-linux-gnu/libnss_files-2.19.so
7f89a2a23000-7f89a2c22000 ---p 0000a000 08:01 1996                       /lib/x86_64-linux-gnu/libnss_files-2.19.so
7f89a2c22000-7f89a2c23000 r--p 00009000 08:01 1996                       /lib/x86_64-linux-gnu/libnss_files-2.19.so
7f89a2c23000-7f89a2c24000 rw-p 0000a000 08:01 1996                       /lib/x86_64-linux-gnu/libnss_files-2.19.so
7f89a2c24000-7f89a2c2f000 r-xp 00000000 08:01 2135                       /lib/x86_64-linux-gnu/libnss_nis-2.19.so
7f89a2c2f000-7f89a2e2e000 ---p 0000b000 08:01 2135                       /lib/x86_64-linux-gnu/libnss_nis-2.19.so
7f89a2e2e000-7f89a2e2f000 r--p 0000a000 08:01 2135                       /lib/x86_64-linux-gnu/libnss_nis-2.19.so
7f89a2e2f000-7f89a2e30000 rw-p 0000b000 08:01 2135                       /lib/x86_64-linux-gnu/libnss_nis-2.19.so
7f89a2e30000-7f89a2e47000 r-xp 00000000 08:01 2067                       /lib/x86_64-linux-gnu/libnsl-2.19.so
7f89a2e47000-7f89a3046000 ---p 00017000 08:01 2067                       /lib/x86_64-linux-gnu/libnsl-2.19.so
7f89a3046000-7f89a3047000 r--p 00016000 08:01 2067                       /lib/x86_64-linux-gnu/libnsl-2.19.so
7f89a3047000-7f89a3048000 rw-p 00017000 08:01 2067                       /lib/x86_64-linux-gnu/libnsl-2.19.so
7f89a3048000-7f89a304a000 rw-p 00000000 00:00 0 
7f89a304a000-7f89a3053000 r-xp 00000000 08:01 1979                       /lib/x86_64-linux-gnu/libnss_compat-2.19.so
7f89a3053000-7f89a3252000 ---p 00009000 08:01 1979                       /lib/x86_64-linux-gnu/libnss_compat-2.19.so
7f89a3252000-7f89a3253000 r--p 00008000 08:01 1979                       /lib/x86_64-linux-gnu/libnss_compat-2.19.so
7f89a3253000-7f89a3254000 rw-p 00009000 08:01 1979                       /lib/x86_64-linux-gnu/libnss_compat-2.19.so
7f89a3254000-7f89a327f000 r-xp 00000000 08:01 407586                     /usr/lib/jvm/java-8-oracle/jre/lib/amd64/libjava.so
7f89a327f000-7f89a347e000 ---p 0002b000 08:01 407586                     /usr/lib/jvm/java-8-oracle/jre/lib/amd64/libjava.so
7f89a347e000-7f89a3480000 rw-p 0002a000 08:01 407586                     /usr/lib/jvm/java-8-oracle/jre/lib/amd64/libjava.so
7f89a3480000-7f89a348d000 r-xp 00000000 08:01 407595                     /usr/lib/jvm/java-8-oracle/jre/lib/amd64/libverify.so
7f89a348d000-7f89a368d000 ---p 0000d000 08:01 407595                     /usr/lib/jvm/java-8-oracle/jre/lib/amd64/libverify.so
7f89a368d000-7f89a368f000 rw-p 0000d000 08:01 407595                     /usr/lib/jvm/java-8-oracle/jre/lib/amd64/libverify.so
7f89a368f000-7f89a3696000 r-xp 00000000 08:01 2054                       /lib/x86_64-linux-gnu/librt-2.19.so
7f89a3696000-7f89a3895000 ---p 00007000 08:01 2054                       /lib/x86_64-linux-gnu/librt-2.19.so
7f89a3895000-7f89a3896000 r--p 00006000 08:01 2054                       /lib/x86_64-linux-gnu/librt-2.19.so
7f89a3896000-7f89a3897000 rw-p 00007000 08:01 2054                       /lib/x86_64-linux-gnu/librt-2.19.so
7f89a3897000-7f89a399c000 r-xp 00000000 08:01 2093                       /lib/x86_64-linux-gnu/libm-2.19.so
7f89a399c000-7f89a3b9b000 ---p 00105000 08:01 2093                       /lib/x86_64-linux-gnu/libm-2.19.so
7f89a3b9b000-7f89a3b9c000 r--p 00104000 08:01 2093                       /lib/x86_64-linux-gnu/libm-2.19.so
7f89a3b9c000-7f89a3b9d000 rw-p 00105000 08:01 2093                       /lib/x86_64-linux-gnu/libm-2.19.so
7f89a3b9d000-7f89a4879000 r-xp 00000000 08:01 407601                     /usr/lib/jvm/java-8-oracle/jre/lib/amd64/server/libjvm.so
7f89a4879000-7f89a4a79000 ---p 00cdc000 08:01 407601                     /usr/lib/jvm/java-8-oracle/jre/lib/amd64/server/libjvm.so
7f89a4a79000-7f89a4b53000 rw-p 00cdc000 08:01 407601                     /usr/lib/jvm/java-8-oracle/jre/lib/amd64/server/libjvm.so
7f89a4b53000-7f89a4b9e000 rw-p 00000000 00:00 0 
7f89a4b9e000-7f89a4d5c000 r-xp 00000000 08:01 2101                       /lib/x86_64-linux-gnu/libc-2.19.so
7f89a4d5c000-7f89a4f5c000 ---p 001be000 08:01 2101                       /lib/x86_64-linux-gnu/libc-2.19.so
7f89a4f5c000-7f89a4f60000 r--p 001be000 08:01 2101                       /lib/x86_64-linux-gnu/libc-2.19.so
7f89a4f60000-7f89a4f62000 rw-p 001c2000 08:01 2101                       /lib/x86_64-linux-gnu/libc-2.19.so
7f89a4f62000-7f89a4f67000 rw-p 00000000 00:00 0 
7f89a4f67000-7f89a4f6a000 r-xp 00000000 08:01 2107                       /lib/x86_64-linux-gnu/libdl-2.19.so
7f89a4f6a000-7f89a5169000 ---p 00003000 08:01 2107                       /lib/x86_64-linux-gnu/libdl-2.19.so
7f89a5169000-7f89a516a000 r--p 00002000 08:01 2107                       /lib/x86_64-linux-gnu/libdl-2.19.so
7f89a516a000-7f89a516b000 rw-p 00003000 08:01 2107                       /lib/x86_64-linux-gnu/libdl-2.19.so
7f89a516b000-7f89a5181000 r-xp 00000000 08:01 409310                     /usr/lib/jvm/java-8-oracle/lib/amd64/jli/libjli.so
7f89a5181000-7f89a5380000 ---p 00016000 08:01 409310                     /usr/lib/jvm/java-8-oracle/lib/amd64/jli/libjli.so
7f89a5380000-7f89a5381000 rw-p 00015000 08:01 409310                     /usr/lib/jvm/java-8-oracle/lib/amd64/jli/libjli.so
7f89a5381000-7f89a539a000 r-xp 00000000 08:01 2074                       /lib/x86_64-linux-gnu/libpthread-2.19.so
7f89a539a000-7f89a5599000 ---p 00019000 08:01 2074                       /lib/x86_64-linux-gnu/libpthread-2.19.so
7f89a5599000-7f89a559a000 r--p 00018000 08:01 2074                       /lib/x86_64-linux-gnu/libpthread-2.19.so
7f89a559a000-7f89a559b000 rw-p 00019000 08:01 2074                       /lib/x86_64-linux-gnu/libpthread-2.19.so
7f89a559b000-7f89a559f000 rw-p 00000000 00:00 0 
7f89a559f000-7f89a55c2000 r-xp 00000000 08:01 1963                       /lib/x86_64-linux-gnu/ld-2.19.so
7f89a55c2000-7f89a55c3000 r--s 00000000 08:01 927917                     /home/vagrant/.sdkman/candidates/maven/3.5.4/lib/javax.inject-1.jar
7f89a55c3000-7f89a55c9000 r--s 00041000 08:01 927944                     /home/vagrant/.sdkman/candidates/maven/3.5.4/lib/maven-compat-3.5.4.jar
7f89a55c9000-7f89a56af000 rw-p 00000000 00:00 0 
7f89a56af000-7f89a56b2000 ---p 00000000 00:00 0 
7f89a56b2000-7f89a57b5000 rw-p 00000000 00:00 0                          [stack:12647]
7f89a57b5000-7f89a57b7000 r--s 0000b000 08:01 927913                     /home/vagrant/.sdkman/candidates/maven/3.5.4/boot/plexus-classworlds-2.5.2.jar
7f89a57b7000-7f89a57bf000 rw-s 00000000 08:01 537828                     /tmp/hsperfdata_vagrant/12631
7f89a57bf000-7f89a57c0000 rw-p 00000000 00:00 0 
7f89a57c0000-7f89a57c1000 ---p 00000000 00:00 0 
7f89a57c1000-7f89a57c2000 r--p 00022000 08:01 1963                       /lib/x86_64-linux-gnu/ld-2.19.so
7f89a57c2000-7f89a57c3000 rw-p 00023000 08:01 1963                       /lib/x86_64-linux-gnu/ld-2.19.so
7f89a57c3000-7f89a57c4000 rw-p 00000000 00:00 0 
7ffcf3b65000-7ffcf3b87000 rw-p 00000000 00:00 0                          [stack]
7ffcf3b9d000-7ffcf3b9f000 r-xp 00000000 00:00 0                          [vdso]
ffffffffff600000-ffffffffff601000 r-xp 00000000 00:00 0                  [vsyscall]

VM Arguments:
jvm_args: -Dclassworlds.conf=/home/vagrant/.sdkman/candidates/maven/current/bin/m2.conf -Dmaven.home=/home/vagrant/.sdkman/candidates/maven/current -Dlibrary.jansi.path=/home/vagrant/.sdkman/candidates/maven/current/lib/jansi-native -Dmaven.multiModuleProjectDirectory=/home/vagrant/workspace/running-location-service 
java_command: org.codehaus.plexus.classworlds.launcher.Launcher clean install
java_class_path (initial): /home/vagrant/.sdkman/candidates/maven/current/boot/plexus-classworlds-2.5.2.jar
Launcher Type: SUN_STANDARD

Environment Variables:
JAVA_HOME=/usr/lib/jvm/java-8-oracle
PATH=/home/vagrant/.sdkman/candidates/maven/current/bin:/home/vagrant/.sdkman/candidates/springboot/current/bin:/usr/local/sbin:/usr/local/bin:/usr/sbin:/usr/bin:/sbin:/bin:/usr/games:/usr/local/games:/usr/lib/jvm/java-8-oracle/bin:/usr/lib/jvm/java-8-oracle/db/bin:/usr/lib/jvm/java-8-oracle/jre/bin
SHELL=/bin/zsh
DISPLAY=:0.0

Signal Handlers:
SIGSEGV: [libjvm.so+0xad2a40], sa_mask[0]=11111111011111111101111111111110, sa_flags=SA_RESTART|SA_SIGINFO
SIGBUS: [libjvm.so+0xad2a40], sa_mask[0]=11111111011111111101111111111110, sa_flags=SA_RESTART|SA_SIGINFO
SIGFPE: [libjvm.so+0x92a610], sa_mask[0]=11111111011111111101111111111110, sa_flags=SA_RESTART|SA_SIGINFO
SIGPIPE: [libjvm.so+0x92a610], sa_mask[0]=11111111011111111101111111111110, sa_flags=SA_RESTART|SA_SIGINFO
SIGXFSZ: [libjvm.so+0x92a610], sa_mask[0]=11111111011111111101111111111110, sa_flags=SA_RESTART|SA_SIGINFO
SIGILL: [libjvm.so+0x92a610], sa_mask[0]=11111111011111111101111111111110, sa_flags=SA_RESTART|SA_SIGINFO
SIGUSR1: SIG_DFL, sa_mask[0]=00000000000000000000000000000000, sa_flags=none
SIGUSR2: [libjvm.so+0x92be70], sa_mask[0]=00000000000000000000000000000000, sa_flags=SA_RESTART|SA_SIGINFO
SIGHUP: [libjvm.so+0x92d270], sa_mask[0]=11111111011111111101111111111110, sa_flags=SA_RESTART|SA_SIGINFO
SIGINT: [libjvm.so+0x92d270], sa_mask[0]=11111111011111111101111111111110, sa_flags=SA_RESTART|SA_SIGINFO
SIGTERM: [libjvm.so+0x92d270], sa_mask[0]=11111111011111111101111111111110, sa_flags=SA_RESTART|SA_SIGINFO
SIGQUIT: [libjvm.so+0x92d270], sa_mask[0]=11111111011111111101111111111110, sa_flags=SA_RESTART|SA_SIGINFO


---------------  S Y S T E M  ---------------

OS:DISTRIB_ID=Ubuntu
DISTRIB_RELEASE=14.04
DISTRIB_CODENAME=trusty
DISTRIB_DESCRIPTION="Ubuntu 14.04.5 LTS"

uname:Linux 3.13.0-158-generic #208-Ubuntu SMP Fri Aug 24 17:07:38 UTC 2018 x86_64
libc:glibc 2.19 NPTL 2.19 
rlimit: STACK 8192k, CORE 0k, NPROC 31453, NOFILE 4096, AS infinity
load average:1.35 0.71 0.60

/proc/meminfo:
MemTotal:        4048080 kB
MemFree:          118964 kB
Buffers:            2028 kB
Cached:           160040 kB
SwapCached:            0 kB
Active:          3686560 kB
Inactive:         121316 kB
Active(anon):    3646176 kB
Inactive(anon):    82896 kB
Active(file):      40384 kB
Inactive(file):    38420 kB
Unevictable:           4 kB
Mlocked:               4 kB
SwapTotal:             0 kB
SwapFree:              0 kB
Dirty:              2640 kB
Writeback:             0 kB
AnonPages:       3645800 kB
Mapped:           136416 kB
Shmem:             83208 kB
Slab:              42144 kB
SReclaimable:      19244 kB
SUnreclaim:        22900 kB
KernelStack:        4440 kB
PageTables:        31284 kB
NFS_Unstable:          0 kB
Bounce:                0 kB
WritebackTmp:          0 kB
CommitLimit:     2024040 kB
Committed_AS:    7046256 kB
VmallocTotal:   34359738367 kB
VmallocUsed:       55068 kB
VmallocChunk:   34359677944 kB
HardwareCorrupted:     0 kB
AnonHugePages:   1507328 kB
HugePages_Total:       0
HugePages_Free:        0
HugePages_Rsvd:        0
HugePages_Surp:        0
Hugepagesize:       2048 kB
DirectMap4k:       57280 kB
DirectMap2M:     4136960 kB


CPU:total 2 (initial active 2) (2 cores per cpu, 1 threads per core) family 6 model 60 stepping 3, cmov, cx8, fxsr, mmx, sse, sse2, sse3, ssse3, sse4.1, sse4.2, popcnt, avx, avx2, aes, clmul, lzcnt, tsc, tscinvbit

/proc/cpuinfo:
processor	: 0
vendor_id	: GenuineIntel
cpu family	: 6
model		: 60
model name	: Intel(R) Core(TM) i7-4720HQ CPU @ 2.60GHz
stepping	: 3
cpu MHz		: 2594.039
cache size	: 6144 KB
physical id	: 0
siblings	: 2
core id		: 0
cpu cores	: 2
apicid		: 0
initial apicid	: 0
fpu		: yes
fpu_exception	: yes
cpuid level	: 13
wp		: yes
flags		: fpu vme de pse tsc msr pae mce cx8 apic sep mtrr pge mca cmov pat pse36 clflush mmx fxsr sse sse2 ht syscall nx rdtscp lm constant_tsc rep_good nopl xtopology nonstop_tsc eagerfpu pni pclmulqdq ssse3 cx16 pcid sse4_1 sse4_2 movbe popcnt aes xsave avx rdrand lahf_lm abm invpcid_single retpoline fsgsbase avx2 invpcid
bogomips	: 5188.07
clflush size	: 64
cache_alignment	: 64
address sizes	: 39 bits physical, 48 bits virtual
power management:

processor	: 1
vendor_id	: GenuineIntel
cpu family	: 6
model		: 60
model name	: Intel(R) Core(TM) i7-4720HQ CPU @ 2.60GHz
stepping	: 3
cpu MHz		: 2594.039
cache size	: 6144 KB
physical id	: 0
siblings	: 2
core id		: 1
cpu cores	: 2
apicid		: 1
initial apicid	: 1
fpu		: yes
fpu_exception	: yes
cpuid level	: 13
wp		: yes
flags		: fpu vme de pse tsc msr pae mce cx8 apic sep mtrr pge mca cmov pat pse36 clflush mmx fxsr sse sse2 ht syscall nx rdtscp lm constant_tsc rep_good nopl xtopology nonstop_tsc eagerfpu pni pclmulqdq ssse3 cx16 pcid sse4_1 sse4_2 movbe popcnt aes xsave avx rdrand lahf_lm abm invpcid_single retpoline fsgsbase avx2 invpcid
bogomips	: 5188.07
clflush size	: 64
cache_alignment	: 64
address sizes	: 39 bits physical, 48 bits virtual
power management:



Memory: 4k page, physical 4048080k(118964k free), swap 0k(0k free)

vm_info: Java HotSpot(TM) 64-Bit Server VM (25.181-b13) for linux-amd64 JRE (1.8.0_181-b13), built on Jul  7 2018 00:56:38 by "java_re" with gcc 4.3.0 20080428 (Red Hat 4.3.0-8)

time: Mon Oct  1 12:33:37 2018
elapsed time: 4 seconds (0d 0h 0m 4s)

